<?xml version="1.0" encoding="UTF-8"?>
<!-- Generated by org.testng.reporters.JUnitReportReporter -->
<testsuite hostname="LAPTOP-36L19OOQ" failures="0" tests="1" name="com.netbanking.testCases.TC_LoginTest_001" time="7.518" errors="0" timestamp="2023-02-27T16:39:50 IST" skipped="0">
  <testcase classname="com.netbanking.testCases.TC_LoginTest_001" name="loginTest" time="7.518"/>
  <system-out/>
</testsuite> <!-- com.netbanking.testCases.TC_LoginTest_001 -->
